10:06:38 INFO  : Registering command handlers for SDK TCF services
10:06:39 INFO  : Launching XSCT server: xsct.bat -interactive C:\Git\hdmi-out\hdmi-out.sdk\temp_xsdb_launch_script.tcl
10:06:42 INFO  : XSCT server has started successfully.
10:06:46 INFO  : Successfully done setting XSCT server connection channel  
10:06:46 INFO  : Successfully done setting SDK workspace  
10:06:46 INFO  : Processing command line option -hwspec C:/Git/hdmi-out/hdmi-out.sdk/hdmi_out_wrapper.hdf.
10:10:43 INFO  : Connected to target on host '127.0.0.1' and port '3121'.
10:10:43 INFO  : 'targets -set -filter {jtag_cable_name =~ "Digilent Zybo 210279574143A" && level==0} -index 1' command is executed.
10:10:45 INFO  : FPGA configured successfully with bitstream "C:/Git/hdmi-out/hdmi-out.sdk/hdmi_out_wrapper_hw_platform_0/hdmi_out_wrapper.bit"
10:12:23 INFO  : 'targets -set -filter {jtag_cable_name =~ "Digilent Zybo 210279574143A" && level==0} -index 1' command is executed.
10:12:23 INFO  : 'fpga -state' command is executed.
10:12:23 INFO  : Connected to target on host '127.0.0.1' and port '3121'.
10:12:23 INFO  : Jtag cable 'Digilent Zybo 210279574143A' is selected.
10:12:23 INFO  : 'jtag frequency' command is executed.
10:12:23 INFO  : Context for 'APU' is selected.
10:12:23 INFO  : Hardware design information is loaded from 'C:/Git/hdmi-out/hdmi-out.sdk/hdmi_out_wrapper_hw_platform_0/system.hdf'.
10:12:23 INFO  : 'configparams force-mem-access 1' command is executed.
10:12:23 INFO  : 'configparams force-mem-access 0' command is executed.
10:12:23 INFO  : ----------------XSDB Script----------------
connect -url tcp:127.0.0.1:3121
targets -set -nocase -filter {name =~"APU*" && jtag_cable_name =~ "Digilent Zybo 210279574143A"} -index 0
loadhw -hw C:/Git/hdmi-out/hdmi-out.sdk/hdmi_out_wrapper_hw_platform_0/system.hdf -mem-ranges [list {0x40000000 0xbfffffff}]
configparams force-mem-access 1
configparams force-mem-access 0
----------------End of Script----------------

10:12:23 INFO  : Disconnected from the channel tcfchan#1.
11:06:55 INFO  : No changes in MSS file content so not generating sources.
11:11:24 INFO  : Registering command handlers for SDK TCF services
11:11:24 INFO  : Launching XSCT server: xsct.bat -interactive C:\Git\hdmi-out\hdmi-out.sdk\temp_xsdb_launch_script.tcl
11:11:26 INFO  : XSCT server has started successfully.
11:11:27 INFO  : Successfully done setting XSCT server connection channel  
11:11:27 INFO  : Successfully done setting SDK workspace  
11:11:27 INFO  : Processing command line option -hwspec C:/Git/hdmi-out/hdmi-out.sdk/hdmi_out_wrapper.hdf.
11:11:27 INFO  : Checking for hwspec changes in the project hdmi_out_wrapper_hw_platform_0.
11:26:52 ERROR : (XSDB Server)ERROR: [Hsi 55-1594] Core cpu_cortexa9 of version 2.1 not found in repositories
ERROR: [Hsi 55-1594] Core gpio of version 4.0 not found in repositories
ERROR: [Hsi 55-1594] Core gpio of version 4.0 not found in repositories
ERROR: [Hsi 55-1594] Core gpio of version 4.0 not found in repositories
ERROR: [Hsi 55-1594] Core gpio of version 4.0 not found in repositories
ERROR: [Hsi 55-1594] Core axivdma of version 6.0 not found in repositories
ERROR: [Hsi 55-1594] Core coresightps_dcc of version 1.2 not found in repositories
ERROR: [Hsi 55-1594] Core devcfg of version 3.3 not found in repositories
ERROR: [Hsi 55-1594] Core dmaps of version 2.1 not found in repositories
ERROR: [Hsi 55-1594] Core dmaps of version 2.1 not found in repositories
ERROR: [Hsi 55-1594] Core emacps of version 3.1 not found in repositories
ERROR: [Hsi 55-1594] Core gpiops of version 3.1 not found in repositories
ERROR: [Hsi 55-1594] Core iicps of version 3.0 not found in repositories

11:26:52 ERROR :  [Common 17-39] 'hsi::open_sw_design' failed due to earlier errors.
11:26:52 ERROR : (XSDB Server)ERROR: [Hsi 55-1594] Core iicps of version 3.0 not found in repositories
ERROR: [Hsi 55-1594] Core qspips of version 3.2 not found in repositories
ERROR: [Hsi 55-1594] Core scugic of version 3.1 not found in repositories
ERROR: [Hsi 55-1594] Core sdps of version 2.6 not found in repositories
ERROR: [Hsi 55-1594] Core ttcps of version 3.0 not found in repositories
ERROR: [Hsi 55-1594] Core uartps of version 3.1 not found in repositories
ERROR: [Hsi 55-1594] Core usbps of version 2.2 not found in repositories
ERROR: [Hsi 55-1594] Core standalone of version 5.3 not found in repositories
ERROR: [Hsi 55-1452] Error: running open_sw_design.

11:26:52 ERROR : (XSDB Server)ERROR: [Hsi 55-1594] Core cpu_cortexa9 of version 2.1 not found in repositories

11:26:52 ERROR : (XSDB Server)ERROR: [Hsi 55-1594] Core gpio of version 4.0 not found in repositories
ERROR: [Hsi 55-1594] Core gpio of version 4.0 not found in repositories
ERROR: [Hsi 55-1594] Core gpio of version 4.0 not found in repositories
ERROR: [Hsi 55-1594] Core gpio of version 4.0 not found in repositories

11:26:52 ERROR : (XSDB Server)ERROR: [Hsi 55-1594] Core axivdma of version 6.0 not found in repositories

11:26:52 ERROR : (XSDB Server)ERROR: [Hsi 55-1594] Core coresightps_dcc of version 1.2 not found in repositories

11:26:52 ERROR : (XSDB Server)ERROR: [Hsi 55-1594] Core devcfg of version 3.3 not found in repositories

11:26:52 ERROR : (XSDB Server)ERROR: [Hsi 55-1594] Core dmaps of version 2.1 not found in repositories
ERROR: [Hsi 55-1594] Core dmaps of version 2.1 not found in repositories

11:26:52 ERROR : (XSDB Server)ERROR: [Hsi 55-1594] Core emacps of version 3.1 not found in repositories
ERROR: [Hsi 55-1594] Core gpiops of version 3.1 not found in repositories

11:26:52 ERROR : (XSDB Server)ERROR: [Hsi 55-1594] Core iicps of version 3.0 not found in repositories
ERROR: [Hsi 55-1594] Core iicps of version 3.0 not found in repositories

11:26:52 ERROR : (XSDB Server)ERROR: [Hsi 55-1594] Core qspips of version 3.2 not found in repositories

11:26:52 ERROR : (XSDB Server)ERROR: [Hsi 55-1594] Core scugic of version 3.1 not found in repositories
ERROR: [Hsi 55-1594] Core sdps of version 2.6 not found in repositories

11:26:52 ERROR : (XSDB Server)ERROR: [Hsi 55-1594] Core ttcps of version 3.0 not found in repositories
ERROR: [Hsi 55-1594] Core uartps of version 3.1 not found in repositories

11:26:52 ERROR : (XSDB Server)ERROR: [Hsi 55-1594] Core usbps of version 2.2 not found in repositories
ERROR: [Hsi 55-1594] Core standalone of version 5.3 not found in repositories

11:26:52 ERROR : (XSDB Server)ERROR: [Hsi 55-1452] Error: running open_sw_design.

11:26:52 INFO  : Unable to read in MSS file C:\Git\hdmi-out\hdmi-out.sdk\hdmi_software_2_bsp\system.mss : null
11:26:52 ERROR : (XSDB Server)ERROR: [Hsi 55-1594] Core cpu_cortexa9 of version 2.1 not found in repositories

11:26:52 ERROR : (XSDB Server)ERROR: [Hsi 55-1594] Core gpio of version 4.0 not found in repositories
ERROR: [Hsi 55-1594] Core gpio of version 4.0 not found in repositories
ERROR: [Hsi 55-1594] Core gpio of version 4.0 not found in repositories
ERROR: [Hsi 55-1594] Core gpio of version 4.0 not found in repositories

11:26:52 ERROR : (XSDB Server)ERROR: [Hsi 55-1594] Core axivdma of version 6.0 not found in repositories

11:26:52 ERROR : (XSDB Server)ERROR: [Hsi 55-1594] Core coresightps_dcc of version 1.2 not found in repositories

11:26:52 ERROR : (XSDB Server)ERROR: [Hsi 55-1594] Core devcfg of version 3.3 not found in repositories
ERROR: [Hsi 55-1594] Core dmaps of version 2.1 not found in repositories
ERROR: [Hsi 55-1594] Core dmaps of version 2.1 not found in repositories

11:26:52 ERROR : (XSDB Server)ERROR: [Hsi 55-1594] Core emacps of version 3.1 not found in repositories
ERROR: [Hsi 55-1594] Core gpiops of version 3.1 not found in repositories

11:26:52 ERROR : (XSDB Server)ERROR: [Hsi 55-1594] Core iicps of version 3.0 not found in repositories
ERROR: [Hsi 55-1594] Core iicps of version 3.0 not found in repositories

11:26:52 ERROR : (XSDB Server)ERROR: [Hsi 55-1594] Core qspips of version 3.2 not found in repositories

11:26:52 ERROR : (XSDB Server)ERROR: [Hsi 55-1594] Core scugic of version 3.1 not found in repositories

11:26:52 ERROR : (XSDB Server)ERROR: [Hsi 55-1594] Core sdps of version 2.6 not found in repositories
ERROR: [Hsi 55-1594] Core ttcps of version 3.0 not found in repositories

11:26:52 ERROR : (XSDB Server)ERROR: [Hsi 55-1594] Core uartps of version 3.1 not found in repositories
ERROR: [Hsi 55-1594] Core usbps of version 2.2 not found in repositories
ERROR: [Hsi 55-1594] Core standalone of version 5.3 not found in repositories
ERROR: [Hsi 55-1452] Error: running open_sw_design.

11:26:52 ERROR : Failed to closesw "C:/Git/hdmi-out/hdmi-out.sdk/hdmi_software_2_bsp/system.mss"
Reason: Cannot close sw design 'C:/Git/hdmi-out/hdmi-out.sdk/hdmi_software_2_bsp/system.mss'.
Design is not opened in the current session.


11:27:06 ERROR : (XSDB Server)ERROR: [Hsi 55-1594] Core cpu_cortexa9 of version 2.1 not found in repositories

11:27:06 ERROR : (XSDB Server)ERROR: [Hsi 55-1594] Core gpio of version 4.0 not found in repositories
ERROR: [Hsi 55-1594] Core gpio of version 4.0 not found in repositories
ERROR: [Hsi 55-1594] Core gpio of version 4.0 not found in repositories
ERROR: [Hsi 55-1594] Core gpio of version 4.0 not found in repositories
ERROR: [Hsi 55-1594] Core axivdma of version 6.0 not found in repositories
ERROR: [Hsi 55-1594] Core coresightps_dcc of version 1.2 not found in repositories

11:27:06 ERROR : (XSDB Server)ERROR: [Hsi 55-1594] Core devcfg of version 3.3 not found in repositories
ERROR: [Hsi 55-1594] Core dmaps of version 2.1 not found in repositories
ERROR: [Hsi 55-1594] Core dmaps of version 2.1 not found in repositories
ERROR: [Hsi 55-1594] Core emacps of version 3.1 not found in repositories

11:27:06 ERROR : (XSDB Server)ERROR: [Hsi 55-1594] Core gpiops of version 3.1 not found in repositories
ERROR: [Hsi 55-1594] Core iicps of version 3.0 not found in repositories
ERROR: [Hsi 55-1594] Core iicps of version 3.0 not found in repositories

11:27:06 ERROR : (XSDB Server)ERROR: [Hsi 55-1594] Core qspips of version 3.2 not found in repositories
ERROR: [Hsi 55-1594] Core scugic of version 3.1 not found in repositories
ERROR: [Hsi 55-1594] Core sdps of version 2.6 not found in repositories
ERROR: [Hsi 55-1594] Core ttcps of version 3.0 not found in repositories
ERROR: [Hsi 55-1594] Core uartps of version 3.1 not found in repositories
ERROR: [Hsi 55-1594] Core usbps of version 2.2 not found in repositories
ERROR: [Hsi 55-1594] Core standalone of version 5.3 not found in repositories
ERROR: [Hsi 55-1452] Error: running open_sw_design.

11:27:06 ERROR :  [Common 17-39] 'hsi::open_sw_design' failed due to earlier errors.
11:27:06 ERROR : (XSDB Server)ERROR: [Hsi 55-1594] Core cpu_cortexa9 of version 2.1 not found in repositories
ERROR: [Hsi 55-1594] Core gpio of version 4.0 not found in repositories

11:27:06 ERROR : (XSDB Server)ERROR: [Hsi 55-1594] Core gpio of version 4.0 not found in repositories
ERROR: [Hsi 55-1594] Core gpio of version 4.0 not found in repositories
ERROR: [Hsi 55-1594] Core gpio of version 4.0 not found in repositories
ERROR: [Hsi 55-1594] Core axivdma of version 6.0 not found in repositories
ERROR: [Hsi 55-1594] Core coresightps_dcc of version 1.2 not found in repositories
ERROR: [Hsi 55-1594] Core devcfg of version 3.3 not found in repositories
ERROR: [Hsi 55-1594] Core dmaps of version 2.1 not found in repositories
ERROR: [Hsi 55-1594] Core dmaps of version 2.1 not found in repositories

11:27:06 ERROR : (XSDB Server)ERROR: [Hsi 55-1594] Core emacps of version 3.1 not found in repositories
ERROR: [Hsi 55-1594] Core gpiops of version 3.1 not found in repositories
ERROR: [Hsi 55-1594] Core iicps of version 3.0 not found in repositories

11:27:06 ERROR : (XSDB Server)ERROR: [Hsi 55-1594] Core iicps of version 3.0 not found in repositories

11:27:06 ERROR : (XSDB Server)ERROR: [Hsi 55-1594] Core qspips of version 3.2 not found in repositories
ERROR: [Hsi 55-1594] Core scugic of version 3.1 not found in repositories

11:27:06 ERROR : (XSDB Server)ERROR: [Hsi 55-1452] Error: running open_sw_design.

11:27:06 INFO  : Unable to read in MSS file C:\Git\hdmi-out\hdmi-out.sdk\hdmi_software_2_bsp\system.mss : null
11:27:06 ERROR : (XSDB Server)ERROR: [Hsi 55-1452] Error: running open_sw_design.

11:27:06 ERROR : (XSDB Server)ERROR: [Hsi 55-1452] Error: running open_sw_design.

11:27:06 ERROR : Failed to get_connected_periphs
Reason: ERROR: [Common 17-55] 'get_property' expects at least one object.
Resolution: If [get_<value>] was used to populate the object, check to make sure this command returns at least one valid object.

11:27:19 ERROR : (XSDB Server)ERROR: [Hsi 55-1452] Error: running open_sw_design.

11:27:19 ERROR :  [Common 17-39] 'hsi::open_sw_design' failed due to earlier errors.
11:27:19 ERROR : (XSDB Server)ERROR: [Hsi 55-1452] Error: running open_sw_design.

11:27:19 INFO  : Unable to read in MSS file C:\Git\hdmi-out\hdmi-out.sdk\hdmi_software_2_bsp\system.mss : null
11:27:19 ERROR : Failed to closesw "C:/Git/hdmi-out/hdmi-out.sdk/hdmi_software_2_bsp/system.mss"
Reason: Cannot close sw design 'C:/Git/hdmi-out/hdmi-out.sdk/hdmi_software_2_bsp/system.mss'.
Design is not opened in the current session.


11:28:32 ERROR : (XSDB Server)ERROR: [Hsi 55-1452] Error: running open_sw_design.

11:28:32 ERROR :  [Common 17-39] 'hsi::open_sw_design' failed due to earlier errors.
11:28:32 ERROR : (XSDB Server)ERROR: [Hsi 55-1452] Error: running open_sw_design.

11:28:32 INFO  : Unable to read in MSS file C:\Git\hdmi-out\sdk\fsbl_bsp\system.mss : null
11:28:32 ERROR : (XSDB Server)ERROR: [Hsi 55-1452] Error: running open_sw_design.

11:28:32 ERROR : Failed in generating sources
11:28:32 INFO  : BSP Project P/fsbl_bsp has been successfully migrated.
11:28:32 ERROR : (XSDB Server)ERROR: [Hsi 55-1452] Error: running open_sw_design.

11:28:32 ERROR :  [Common 17-39] 'hsi::open_sw_design' failed due to earlier errors.
11:28:32 ERROR : (XSDB Server)ERROR: [Hsi 55-1452] Error: running open_sw_design.

11:28:32 INFO  : Unable to read in MSS file C:\Git\hdmi-out\sdk\displaydemo_bsp\system.mss : null
11:28:32 ERROR : (XSDB Server)ERROR: [Hsi 55-1452] Error: running open_sw_design.

11:28:32 ERROR : Failed in generating sources
11:28:32 INFO  : BSP Project P/displaydemo_bsp has been successfully migrated.
11:29:24 ERROR : (XSDB Server)ERROR: [Hsi 55-1452] Error: running open_sw_design.

11:29:24 ERROR :  [Common 17-39] 'hsi::open_sw_design' failed due to earlier errors.
11:29:24 ERROR : (XSDB Server)ERROR: [Hsi 55-1452] Error: running open_sw_design.

11:29:24 INFO  : Unable to read in MSS file C:\Git\hdmi-out\sdk\displaydemo_bsp\system.mss : null
11:29:24 ERROR : Failed to closesw "C:/Git/hdmi-out/sdk/displaydemo_bsp/system.mss"
Reason: Cannot close sw design 'C:/Git/hdmi-out/sdk/displaydemo_bsp/system.mss'.
Design is not opened in the current session.


11:29:24 ERROR : (XSDB Server)ERROR: [Hsi 55-1452] Error: running open_sw_design.

11:29:24 ERROR :  [Common 17-39] 'hsi::open_sw_design' failed due to earlier errors.
11:29:24 ERROR : (XSDB Server)ERROR: [Hsi 55-1452] Error: running open_sw_design.

11:29:24 INFO  : Unable to read in MSS file C:\Git\hdmi-out\sdk\fsbl_bsp\system.mss : null
11:29:24 ERROR : Failed to closesw "C:/Git/hdmi-out/sdk/fsbl_bsp/system.mss"
Reason: Cannot close sw design 'C:/Git/hdmi-out/sdk/fsbl_bsp/system.mss'.
Design is not opened in the current session.


11:40:22 INFO  : Connected to target on host '127.0.0.1' and port '3121'.
11:40:23 INFO  : 'targets -set -filter {jtag_cable_name =~ "Digilent Zybo 210279574143A" && level==0} -index 1' command is executed.
11:40:24 INFO  : FPGA configured successfully with bitstream "C:/Git/hdmi-out/hdmi-out.sdk/hdmi_out_wrapper_hw_platform_0/hdmi_out_wrapper.bit"
11:43:57 INFO  : 'targets -set -filter {jtag_cable_name =~ "Digilent Zybo 210279574143A" && level==0} -index 1' command is executed.
11:43:57 INFO  : 'fpga -state' command is executed.
11:43:57 INFO  : Connected to target on host '127.0.0.1' and port '3121'.
11:43:58 INFO  : Jtag cable 'Digilent Zybo 210279574143A' is selected.
11:43:58 INFO  : 'jtag frequency' command is executed.
11:43:58 INFO  : Sourcing of 'C:/Git/hdmi-out/hdmi-out.sdk/hdmi_out_wrapper_hw_platform_0/ps7_init.tcl' is done.
11:43:58 INFO  : Context for 'APU' is selected.
11:43:58 INFO  : Hardware design information is loaded from 'C:/Git/hdmi-out/hdmi-out.sdk/hdmi_out_wrapper_hw_platform_0/system.hdf'.
11:43:58 INFO  : 'configparams force-mem-access 1' command is executed.
11:43:58 INFO  : Context for 'APU' is selected.
11:43:58 INFO  : 'stop' command is executed.
11:43:59 INFO  : 'ps7_init' command is executed.
11:43:59 INFO  : 'ps7_post_config' command is executed.
11:43:59 INFO  : Context for processor 'ps7_cortexa9_0' is selected.
11:44:00 INFO  : Processor reset is completed for 'ps7_cortexa9_0'.
11:44:00 INFO  : Context for processor 'ps7_cortexa9_0' is selected.
11:44:00 INFO  : The application 'C:/Git/hdmi-out/hdmi-out.sdk/hdmi_out_1/Debug/hdmi_out_1.elf' is downloaded to processor 'ps7_cortexa9_0'.
11:44:00 INFO  : 'configparams force-mem-access 0' command is executed.
11:44:00 INFO  : ----------------XSDB Script----------------
connect -url tcp:127.0.0.1:3121
source C:/Git/hdmi-out/hdmi-out.sdk/hdmi_out_wrapper_hw_platform_0/ps7_init.tcl
targets -set -nocase -filter {name =~"APU*" && jtag_cable_name =~ "Digilent Zybo 210279574143A"} -index 0
loadhw -hw C:/Git/hdmi-out/hdmi-out.sdk/hdmi_out_wrapper_hw_platform_0/system.hdf -mem-ranges [list {0x40000000 0xbfffffff}]
configparams force-mem-access 1
targets -set -nocase -filter {name =~"APU*" && jtag_cable_name =~ "Digilent Zybo 210279574143A"} -index 0
stop
ps7_init
ps7_post_config
targets -set -nocase -filter {name =~ "ARM*#0" && jtag_cable_name =~ "Digilent Zybo 210279574143A"} -index 0
rst -processor
targets -set -nocase -filter {name =~ "ARM*#0" && jtag_cable_name =~ "Digilent Zybo 210279574143A"} -index 0
dow C:/Git/hdmi-out/hdmi-out.sdk/hdmi_out_1/Debug/hdmi_out_1.elf
configparams force-mem-access 0
----------------End of Script----------------

11:44:00 INFO  : Context for processor 'ps7_cortexa9_0' is selected.
11:44:00 INFO  : 'con' command is executed.
11:44:00 INFO  : ----------------XSDB Script (After Launch)----------------
targets -set -nocase -filter {name =~ "ARM*#0" && jtag_cable_name =~ "Digilent Zybo 210279574143A"} -index 0
con
----------------End of Script----------------

11:44:00 INFO  : Disconnected from the channel tcfchan#1.
13:30:10 INFO  : Registering command handlers for SDK TCF services
13:30:11 INFO  : Launching XSCT server: xsct.bat -interactive C:\Git\hdmi-out\hdmi-out.sdk\temp_xsdb_launch_script.tcl
13:30:14 INFO  : XSCT server has started successfully.
13:30:14 INFO  : Successfully done setting XSCT server connection channel  
13:30:14 INFO  : Successfully done setting SDK workspace  
13:30:14 INFO  : Processing command line option -hwspec C:/Git/hdmi-out/hdmi-out.sdk/hdmi_out_wrapper.hdf.
13:30:14 INFO  : Checking for hwspec changes in the project hdmi_out_wrapper_hw_platform_0.
13:40:01 INFO  : Connected to target on host '127.0.0.1' and port '3121'.
13:40:01 INFO  : 'targets -set -filter {jtag_cable_name =~ "Digilent Zybo 210279574143A" && level==0} -index 1' command is executed.
13:40:01 INFO  : 'fpga -state' command is executed.
13:40:01 INFO  : 'targets -set -filter {jtag_cable_name =~ "Digilent Zybo 210279574143A" && level==0} -index 1' command is executed.
13:40:01 INFO  : Connected to target on host '127.0.0.1' and port '3121'.
13:40:03 INFO  : FPGA configured successfully with bitstream "C:/Git/hdmi-out/hdmi-out.sdk/hdmi_out_wrapper_hw_platform_0/hdmi_out_wrapper.bit"
13:40:03 INFO  : Jtag cable 'Digilent Zybo 210279574143A' is selected.
13:40:03 INFO  : 'jtag frequency' command is executed.
13:40:03 INFO  : Sourcing of 'C:/Git/hdmi-out/hdmi-out.sdk/hdmi_out_wrapper_hw_platform_0/ps7_init.tcl' is done.
13:40:03 INFO  : Context for 'APU' is selected.
13:40:03 INFO  : Hardware design information is loaded from 'C:/Git/hdmi-out/hdmi-out.sdk/hdmi_out_wrapper_hw_platform_0/system.hdf'.
13:40:03 INFO  : 'configparams force-mem-access 1' command is executed.
13:40:03 INFO  : Context for 'APU' is selected.
13:40:03 INFO  : 'stop' command is executed.
13:40:04 INFO  : 'ps7_init' command is executed.
13:40:04 INFO  : 'ps7_post_config' command is executed.
13:40:04 INFO  : Context for processor 'ps7_cortexa9_0' is selected.
13:40:04 INFO  : Processor reset is completed for 'ps7_cortexa9_0'.
13:40:04 INFO  : Context for processor 'ps7_cortexa9_0' is selected.
13:40:04 INFO  : The application 'C:/Git/hdmi-out/hdmi-out.sdk/hdmi_out_1/Debug/hdmi_out_1.elf' is downloaded to processor 'ps7_cortexa9_0'.
13:40:04 INFO  : 'configparams force-mem-access 0' command is executed.
13:40:04 INFO  : ----------------XSDB Script----------------
connect -url tcp:127.0.0.1:3121
source C:/Git/hdmi-out/hdmi-out.sdk/hdmi_out_wrapper_hw_platform_0/ps7_init.tcl
targets -set -nocase -filter {name =~"APU*" && jtag_cable_name =~ "Digilent Zybo 210279574143A"} -index 0
loadhw -hw C:/Git/hdmi-out/hdmi-out.sdk/hdmi_out_wrapper_hw_platform_0/system.hdf -mem-ranges [list {0x40000000 0xbfffffff}]
configparams force-mem-access 1
targets -set -nocase -filter {name =~"APU*" && jtag_cable_name =~ "Digilent Zybo 210279574143A"} -index 0
stop
ps7_init
ps7_post_config
targets -set -nocase -filter {name =~ "ARM*#0" && jtag_cable_name =~ "Digilent Zybo 210279574143A"} -index 0
rst -processor
targets -set -nocase -filter {name =~ "ARM*#0" && jtag_cable_name =~ "Digilent Zybo 210279574143A"} -index 0
dow C:/Git/hdmi-out/hdmi-out.sdk/hdmi_out_1/Debug/hdmi_out_1.elf
configparams force-mem-access 0
----------------End of Script----------------

13:40:04 INFO  : Context for processor 'ps7_cortexa9_0' is selected.
13:40:04 INFO  : 'con' command is executed.
13:40:04 INFO  : ----------------XSDB Script (After Launch)----------------
targets -set -nocase -filter {name =~ "ARM*#0" && jtag_cable_name =~ "Digilent Zybo 210279574143A"} -index 0
con
----------------End of Script----------------

13:40:04 INFO  : Disconnected from the channel tcfchan#1.
13:40:21 INFO  : 'targets -set -filter {jtag_cable_name =~ "Digilent Zybo 210279574143A" && level==0} -index 1' command is executed.
13:40:21 INFO  : 'fpga -state' command is executed.
13:40:21 INFO  : Connected to target on host '127.0.0.1' and port '3121'.
13:40:21 INFO  : Jtag cable 'Digilent Zybo 210279574143A' is selected.
13:40:21 INFO  : 'jtag frequency' command is executed.
13:40:21 INFO  : Sourcing of 'C:/Git/hdmi-out/hdmi-out.sdk/hdmi_out_wrapper_hw_platform_0/ps7_init.tcl' is done.
13:40:21 INFO  : Context for 'APU' is selected.
13:40:21 INFO  : Hardware design information is loaded from 'C:/Git/hdmi-out/hdmi-out.sdk/hdmi_out_wrapper_hw_platform_0/system.hdf'.
13:40:22 INFO  : 'configparams force-mem-access 1' command is executed.
13:40:22 INFO  : Context for 'APU' is selected.
13:40:22 INFO  : 'stop' command is executed.
13:40:22 INFO  : 'ps7_init' command is executed.
13:40:22 INFO  : 'ps7_post_config' command is executed.
13:40:22 INFO  : Context for processor 'ps7_cortexa9_0' is selected.
13:40:22 INFO  : Processor reset is completed for 'ps7_cortexa9_0'.
13:40:22 INFO  : Context for processor 'ps7_cortexa9_0' is selected.
13:40:23 INFO  : The application 'C:/Git/hdmi-out/hdmi-out.sdk/hdmi_out_1/Debug/hdmi_out_1.elf' is downloaded to processor 'ps7_cortexa9_0'.
13:40:23 INFO  : 'configparams force-mem-access 0' command is executed.
13:40:23 INFO  : ----------------XSDB Script----------------
connect -url tcp:127.0.0.1:3121
source C:/Git/hdmi-out/hdmi-out.sdk/hdmi_out_wrapper_hw_platform_0/ps7_init.tcl
targets -set -nocase -filter {name =~"APU*" && jtag_cable_name =~ "Digilent Zybo 210279574143A"} -index 0
loadhw -hw C:/Git/hdmi-out/hdmi-out.sdk/hdmi_out_wrapper_hw_platform_0/system.hdf -mem-ranges [list {0x40000000 0xbfffffff}]
configparams force-mem-access 1
targets -set -nocase -filter {name =~"APU*" && jtag_cable_name =~ "Digilent Zybo 210279574143A"} -index 0
stop
ps7_init
ps7_post_config
targets -set -nocase -filter {name =~ "ARM*#0" && jtag_cable_name =~ "Digilent Zybo 210279574143A"} -index 0
rst -processor
targets -set -nocase -filter {name =~ "ARM*#0" && jtag_cable_name =~ "Digilent Zybo 210279574143A"} -index 0
dow C:/Git/hdmi-out/hdmi-out.sdk/hdmi_out_1/Debug/hdmi_out_1.elf
configparams force-mem-access 0
----------------End of Script----------------

13:40:23 INFO  : Context for processor 'ps7_cortexa9_0' is selected.
13:40:23 INFO  : 'con' command is executed.
13:40:23 INFO  : ----------------XSDB Script (After Launch)----------------
targets -set -nocase -filter {name =~ "ARM*#0" && jtag_cable_name =~ "Digilent Zybo 210279574143A"} -index 0
con
----------------End of Script----------------

13:40:23 INFO  : Disconnected from the channel tcfchan#2.
13:40:44 INFO  : Connected to target on host '127.0.0.1' and port '3121'.
13:40:44 INFO  : 'targets -set -filter {jtag_cable_name =~ "Digilent Zybo 210279574143A" && level==0} -index 1' command is executed.
13:40:45 INFO  : FPGA configured successfully with bitstream "C:/Git/hdmi-out/hdmi-out.sdk/hdmi_out_wrapper_hw_platform_0/hdmi_out_wrapper.bit"
13:40:58 INFO  : 'targets -set -filter {jtag_cable_name =~ "Digilent Zybo 210279574143A" && level==0} -index 1' command is executed.
13:40:58 INFO  : 'fpga -state' command is executed.
13:40:58 INFO  : Connected to target on host '127.0.0.1' and port '3121'.
13:40:58 INFO  : Jtag cable 'Digilent Zybo 210279574143A' is selected.
13:40:58 INFO  : 'jtag frequency' command is executed.
13:40:58 INFO  : Sourcing of 'C:/Git/hdmi-out/hdmi-out.sdk/hdmi_out_wrapper_hw_platform_0/ps7_init.tcl' is done.
13:40:58 INFO  : Context for 'APU' is selected.
13:40:58 INFO  : Hardware design information is loaded from 'C:/Git/hdmi-out/hdmi-out.sdk/hdmi_out_wrapper_hw_platform_0/system.hdf'.
13:40:58 INFO  : 'configparams force-mem-access 1' command is executed.
13:40:58 INFO  : Context for 'APU' is selected.
13:40:58 INFO  : 'stop' command is executed.
13:40:59 INFO  : 'ps7_init' command is executed.
13:40:59 INFO  : 'ps7_post_config' command is executed.
13:40:59 INFO  : Context for processor 'ps7_cortexa9_0' is selected.
13:40:59 INFO  : Processor reset is completed for 'ps7_cortexa9_0'.
13:40:59 INFO  : Context for processor 'ps7_cortexa9_0' is selected.
13:40:59 INFO  : The application 'C:/Git/hdmi-out/hdmi-out.sdk/hdmi_out_1/Debug/hdmi_out_1.elf' is downloaded to processor 'ps7_cortexa9_0'.
13:40:59 INFO  : 'configparams force-mem-access 0' command is executed.
13:40:59 INFO  : ----------------XSDB Script----------------
connect -url tcp:127.0.0.1:3121
source C:/Git/hdmi-out/hdmi-out.sdk/hdmi_out_wrapper_hw_platform_0/ps7_init.tcl
targets -set -nocase -filter {name =~"APU*" && jtag_cable_name =~ "Digilent Zybo 210279574143A"} -index 0
loadhw -hw C:/Git/hdmi-out/hdmi-out.sdk/hdmi_out_wrapper_hw_platform_0/system.hdf -mem-ranges [list {0x40000000 0xbfffffff}]
configparams force-mem-access 1
targets -set -nocase -filter {name =~"APU*" && jtag_cable_name =~ "Digilent Zybo 210279574143A"} -index 0
stop
ps7_init
ps7_post_config
targets -set -nocase -filter {name =~ "ARM*#0" && jtag_cable_name =~ "Digilent Zybo 210279574143A"} -index 0
rst -processor
targets -set -nocase -filter {name =~ "ARM*#0" && jtag_cable_name =~ "Digilent Zybo 210279574143A"} -index 0
dow C:/Git/hdmi-out/hdmi-out.sdk/hdmi_out_1/Debug/hdmi_out_1.elf
configparams force-mem-access 0
----------------End of Script----------------

13:40:59 INFO  : Context for processor 'ps7_cortexa9_0' is selected.
13:40:59 INFO  : 'con' command is executed.
13:40:59 INFO  : ----------------XSDB Script (After Launch)----------------
targets -set -nocase -filter {name =~ "ARM*#0" && jtag_cable_name =~ "Digilent Zybo 210279574143A"} -index 0
con
----------------End of Script----------------

13:40:59 INFO  : Disconnected from the channel tcfchan#3.
13:42:34 INFO  : 'targets -set -filter {jtag_cable_name =~ "Digilent Zybo 210279574143A" && level==0} -index 1' command is executed.
13:42:34 INFO  : 'fpga -state' command is executed.
13:42:34 INFO  : Connected to target on host '127.0.0.1' and port '3121'.
13:42:35 INFO  : Jtag cable 'Digilent Zybo 210279574143A' is selected.
13:42:35 INFO  : 'jtag frequency' command is executed.
13:42:35 INFO  : Sourcing of 'C:/Git/hdmi-out/hdmi-out.sdk/hdmi_out_wrapper_hw_platform_0/ps7_init.tcl' is done.
13:42:35 INFO  : Context for 'APU' is selected.
13:42:35 INFO  : Hardware design information is loaded from 'C:/Git/hdmi-out/hdmi-out.sdk/hdmi_out_wrapper_hw_platform_0/system.hdf'.
13:42:35 INFO  : 'configparams force-mem-access 1' command is executed.
13:42:35 INFO  : Context for 'APU' is selected.
13:42:35 INFO  : 'stop' command is executed.
13:42:36 INFO  : 'ps7_init' command is executed.
13:42:36 INFO  : 'ps7_post_config' command is executed.
13:42:36 INFO  : Context for processor 'ps7_cortexa9_0' is selected.
13:42:36 INFO  : Processor reset is completed for 'ps7_cortexa9_0'.
13:42:36 INFO  : Context for processor 'ps7_cortexa9_0' is selected.
13:42:36 INFO  : The application 'C:/Git/hdmi-out/hdmi-out.sdk/hdmi_out_1/Debug/hdmi_out_1.elf' is downloaded to processor 'ps7_cortexa9_0'.
13:42:36 INFO  : 'configparams force-mem-access 0' command is executed.
13:42:36 INFO  : ----------------XSDB Script----------------
connect -url tcp:127.0.0.1:3121
source C:/Git/hdmi-out/hdmi-out.sdk/hdmi_out_wrapper_hw_platform_0/ps7_init.tcl
targets -set -nocase -filter {name =~"APU*" && jtag_cable_name =~ "Digilent Zybo 210279574143A"} -index 0
loadhw -hw C:/Git/hdmi-out/hdmi-out.sdk/hdmi_out_wrapper_hw_platform_0/system.hdf -mem-ranges [list {0x40000000 0xbfffffff}]
configparams force-mem-access 1
targets -set -nocase -filter {name =~"APU*" && jtag_cable_name =~ "Digilent Zybo 210279574143A"} -index 0
stop
ps7_init
ps7_post_config
targets -set -nocase -filter {name =~ "ARM*#0" && jtag_cable_name =~ "Digilent Zybo 210279574143A"} -index 0
rst -processor
targets -set -nocase -filter {name =~ "ARM*#0" && jtag_cable_name =~ "Digilent Zybo 210279574143A"} -index 0
dow C:/Git/hdmi-out/hdmi-out.sdk/hdmi_out_1/Debug/hdmi_out_1.elf
configparams force-mem-access 0
----------------End of Script----------------

13:42:36 INFO  : Context for processor 'ps7_cortexa9_0' is selected.
13:42:36 INFO  : 'con' command is executed.
13:42:36 INFO  : ----------------XSDB Script (After Launch)----------------
targets -set -nocase -filter {name =~ "ARM*#0" && jtag_cable_name =~ "Digilent Zybo 210279574143A"} -index 0
con
----------------End of Script----------------

13:42:36 INFO  : Disconnected from the channel tcfchan#4.
13:44:12 INFO  : 'targets -set -filter {jtag_cable_name =~ "Digilent Zybo 210279574143A" && level==0} -index 1' command is executed.
13:44:12 INFO  : 'fpga -state' command is executed.
13:44:12 INFO  : Connected to target on host '127.0.0.1' and port '3121'.
13:44:12 INFO  : Jtag cable 'Digilent Zybo 210279574143A' is selected.
13:44:12 INFO  : 'jtag frequency' command is executed.
13:44:12 INFO  : Sourcing of 'C:/Git/hdmi-out/hdmi-out.sdk/hdmi_out_wrapper_hw_platform_0/ps7_init.tcl' is done.
13:44:12 INFO  : Context for 'APU' is selected.
13:44:12 INFO  : Hardware design information is loaded from 'C:/Git/hdmi-out/hdmi-out.sdk/hdmi_out_wrapper_hw_platform_0/system.hdf'.
13:44:12 INFO  : 'configparams force-mem-access 1' command is executed.
13:44:12 INFO  : Context for 'APU' is selected.
13:44:12 INFO  : 'stop' command is executed.
13:44:13 INFO  : 'ps7_init' command is executed.
13:44:13 INFO  : 'ps7_post_config' command is executed.
13:44:13 INFO  : Context for processor 'ps7_cortexa9_0' is selected.
13:44:13 INFO  : Processor reset is completed for 'ps7_cortexa9_0'.
13:44:13 INFO  : Context for processor 'ps7_cortexa9_0' is selected.
13:44:13 INFO  : The application 'C:/Git/hdmi-out/hdmi-out.sdk/hdmi_out_1/Debug/hdmi_out_1.elf' is downloaded to processor 'ps7_cortexa9_0'.
13:44:13 INFO  : 'configparams force-mem-access 0' command is executed.
13:44:13 INFO  : ----------------XSDB Script----------------
connect -url tcp:127.0.0.1:3121
source C:/Git/hdmi-out/hdmi-out.sdk/hdmi_out_wrapper_hw_platform_0/ps7_init.tcl
targets -set -nocase -filter {name =~"APU*" && jtag_cable_name =~ "Digilent Zybo 210279574143A"} -index 0
loadhw -hw C:/Git/hdmi-out/hdmi-out.sdk/hdmi_out_wrapper_hw_platform_0/system.hdf -mem-ranges [list {0x40000000 0xbfffffff}]
configparams force-mem-access 1
targets -set -nocase -filter {name =~"APU*" && jtag_cable_name =~ "Digilent Zybo 210279574143A"} -index 0
stop
ps7_init
ps7_post_config
targets -set -nocase -filter {name =~ "ARM*#0" && jtag_cable_name =~ "Digilent Zybo 210279574143A"} -index 0
rst -processor
targets -set -nocase -filter {name =~ "ARM*#0" && jtag_cable_name =~ "Digilent Zybo 210279574143A"} -index 0
dow C:/Git/hdmi-out/hdmi-out.sdk/hdmi_out_1/Debug/hdmi_out_1.elf
configparams force-mem-access 0
----------------End of Script----------------

13:44:13 INFO  : Context for processor 'ps7_cortexa9_0' is selected.
13:44:14 INFO  : 'con' command is executed.
13:44:14 INFO  : ----------------XSDB Script (After Launch)----------------
targets -set -nocase -filter {name =~ "ARM*#0" && jtag_cable_name =~ "Digilent Zybo 210279574143A"} -index 0
con
----------------End of Script----------------

13:44:14 INFO  : Disconnected from the channel tcfchan#5.
13:44:58 INFO  : 'targets -set -filter {jtag_cable_name =~ "Digilent Zybo 210279574143A" && level==0} -index 1' command is executed.
13:44:58 INFO  : 'fpga -state' command is executed.
13:44:58 INFO  : Connected to target on host '127.0.0.1' and port '3121'.
13:44:58 INFO  : Jtag cable 'Digilent Zybo 210279574143A' is selected.
13:44:58 INFO  : 'jtag frequency' command is executed.
13:44:58 INFO  : Sourcing of 'C:/Git/hdmi-out/hdmi-out.sdk/hdmi_out_wrapper_hw_platform_0/ps7_init.tcl' is done.
13:44:58 INFO  : Context for 'APU' is selected.
13:44:58 INFO  : Hardware design information is loaded from 'C:/Git/hdmi-out/hdmi-out.sdk/hdmi_out_wrapper_hw_platform_0/system.hdf'.
13:44:58 INFO  : 'configparams force-mem-access 1' command is executed.
13:44:58 INFO  : Context for 'APU' is selected.
13:44:58 INFO  : 'stop' command is executed.
13:44:59 INFO  : 'ps7_init' command is executed.
13:44:59 INFO  : 'ps7_post_config' command is executed.
13:44:59 INFO  : Context for processor 'ps7_cortexa9_0' is selected.
13:44:59 INFO  : Processor reset is completed for 'ps7_cortexa9_0'.
13:44:59 INFO  : Context for processor 'ps7_cortexa9_0' is selected.
13:44:59 INFO  : The application 'C:/Git/hdmi-out/hdmi-out.sdk/hdmi_out_1/Debug/hdmi_out_1.elf' is downloaded to processor 'ps7_cortexa9_0'.
13:44:59 INFO  : 'configparams force-mem-access 0' command is executed.
13:44:59 INFO  : ----------------XSDB Script----------------
connect -url tcp:127.0.0.1:3121
source C:/Git/hdmi-out/hdmi-out.sdk/hdmi_out_wrapper_hw_platform_0/ps7_init.tcl
targets -set -nocase -filter {name =~"APU*" && jtag_cable_name =~ "Digilent Zybo 210279574143A"} -index 0
loadhw -hw C:/Git/hdmi-out/hdmi-out.sdk/hdmi_out_wrapper_hw_platform_0/system.hdf -mem-ranges [list {0x40000000 0xbfffffff}]
configparams force-mem-access 1
targets -set -nocase -filter {name =~"APU*" && jtag_cable_name =~ "Digilent Zybo 210279574143A"} -index 0
stop
ps7_init
ps7_post_config
targets -set -nocase -filter {name =~ "ARM*#0" && jtag_cable_name =~ "Digilent Zybo 210279574143A"} -index 0
rst -processor
targets -set -nocase -filter {name =~ "ARM*#0" && jtag_cable_name =~ "Digilent Zybo 210279574143A"} -index 0
dow C:/Git/hdmi-out/hdmi-out.sdk/hdmi_out_1/Debug/hdmi_out_1.elf
configparams force-mem-access 0
----------------End of Script----------------

13:44:59 INFO  : Context for processor 'ps7_cortexa9_0' is selected.
13:44:59 INFO  : 'con' command is executed.
13:44:59 INFO  : ----------------XSDB Script (After Launch)----------------
targets -set -nocase -filter {name =~ "ARM*#0" && jtag_cable_name =~ "Digilent Zybo 210279574143A"} -index 0
con
----------------End of Script----------------

13:44:59 INFO  : Disconnected from the channel tcfchan#6.
13:45:21 INFO  : Connected to target on host '127.0.0.1' and port '3121'.
13:45:21 INFO  : 'targets -set -filter {jtag_cable_name =~ "Digilent Zybo 210279574143A" && level==0} -index 1' command is executed.
13:45:22 INFO  : FPGA configured successfully with bitstream "C:/Git/hdmi-out/hdmi-out.sdk/hdmi_out_wrapper_hw_platform_0/hdmi_out_wrapper.bit"
13:45:33 INFO  : 'targets -set -filter {jtag_cable_name =~ "Digilent Zybo 210279574143A" && level==0} -index 1' command is executed.
13:45:33 INFO  : 'fpga -state' command is executed.
13:45:33 INFO  : Connected to target on host '127.0.0.1' and port '3121'.
13:45:33 INFO  : Jtag cable 'Digilent Zybo 210279574143A' is selected.
13:45:33 INFO  : 'jtag frequency' command is executed.
13:45:33 INFO  : Sourcing of 'C:/Git/hdmi-out/hdmi-out.sdk/hdmi_out_wrapper_hw_platform_0/ps7_init.tcl' is done.
13:45:33 INFO  : Context for 'APU' is selected.
13:45:33 INFO  : Hardware design information is loaded from 'C:/Git/hdmi-out/hdmi-out.sdk/hdmi_out_wrapper_hw_platform_0/system.hdf'.
13:45:33 INFO  : 'configparams force-mem-access 1' command is executed.
13:45:33 INFO  : Context for 'APU' is selected.
13:45:33 INFO  : 'stop' command is executed.
13:45:34 INFO  : 'ps7_init' command is executed.
13:45:34 INFO  : 'ps7_post_config' command is executed.
13:45:34 INFO  : Context for processor 'ps7_cortexa9_0' is selected.
13:45:34 INFO  : Processor reset is completed for 'ps7_cortexa9_0'.
13:45:34 INFO  : Context for processor 'ps7_cortexa9_0' is selected.
13:45:34 INFO  : The application 'C:/Git/hdmi-out/hdmi-out.sdk/hdmi_out_1/Debug/hdmi_out_1.elf' is downloaded to processor 'ps7_cortexa9_0'.
13:45:34 INFO  : 'configparams force-mem-access 0' command is executed.
13:45:34 INFO  : ----------------XSDB Script----------------
connect -url tcp:127.0.0.1:3121
source C:/Git/hdmi-out/hdmi-out.sdk/hdmi_out_wrapper_hw_platform_0/ps7_init.tcl
targets -set -nocase -filter {name =~"APU*" && jtag_cable_name =~ "Digilent Zybo 210279574143A"} -index 0
loadhw -hw C:/Git/hdmi-out/hdmi-out.sdk/hdmi_out_wrapper_hw_platform_0/system.hdf -mem-ranges [list {0x40000000 0xbfffffff}]
configparams force-mem-access 1
targets -set -nocase -filter {name =~"APU*" && jtag_cable_name =~ "Digilent Zybo 210279574143A"} -index 0
stop
ps7_init
ps7_post_config
targets -set -nocase -filter {name =~ "ARM*#0" && jtag_cable_name =~ "Digilent Zybo 210279574143A"} -index 0
rst -processor
targets -set -nocase -filter {name =~ "ARM*#0" && jtag_cable_name =~ "Digilent Zybo 210279574143A"} -index 0
dow C:/Git/hdmi-out/hdmi-out.sdk/hdmi_out_1/Debug/hdmi_out_1.elf
configparams force-mem-access 0
----------------End of Script----------------

13:45:34 INFO  : Context for processor 'ps7_cortexa9_0' is selected.
13:45:34 INFO  : 'con' command is executed.
13:45:34 INFO  : ----------------XSDB Script (After Launch)----------------
targets -set -nocase -filter {name =~ "ARM*#0" && jtag_cable_name =~ "Digilent Zybo 210279574143A"} -index 0
con
----------------End of Script----------------

13:45:34 INFO  : Disconnected from the channel tcfchan#7.
13:46:07 INFO  : 'targets -set -filter {jtag_cable_name =~ "Digilent Zybo 210279574143A" && level==0} -index 1' command is executed.
13:46:07 INFO  : 'fpga -state' command is executed.
13:46:07 INFO  : Connected to target on host '127.0.0.1' and port '3121'.
13:46:07 INFO  : Jtag cable 'Digilent Zybo 210279574143A' is selected.
13:46:07 INFO  : 'jtag frequency' command is executed.
13:46:07 INFO  : Sourcing of 'C:/Git/hdmi-out/hdmi-out.sdk/hdmi_out_wrapper_hw_platform_0/ps7_init.tcl' is done.
13:46:08 INFO  : Context for 'APU' is selected.
13:46:08 INFO  : Hardware design information is loaded from 'C:/Git/hdmi-out/hdmi-out.sdk/hdmi_out_wrapper_hw_platform_0/system.hdf'.
13:46:08 INFO  : 'configparams force-mem-access 1' command is executed.
13:46:08 INFO  : Context for 'APU' is selected.
13:46:08 INFO  : 'stop' command is executed.
13:46:08 INFO  : 'ps7_init' command is executed.
13:46:08 INFO  : 'ps7_post_config' command is executed.
13:46:08 INFO  : Context for processor 'ps7_cortexa9_0' is selected.
13:46:08 INFO  : Processor reset is completed for 'ps7_cortexa9_0'.
13:46:08 INFO  : Context for processor 'ps7_cortexa9_0' is selected.
13:46:09 INFO  : The application 'C:/Git/hdmi-out/hdmi-out.sdk/hdmi_out_1/Debug/hdmi_out_1.elf' is downloaded to processor 'ps7_cortexa9_0'.
13:46:09 INFO  : 'configparams force-mem-access 0' command is executed.
13:46:09 INFO  : ----------------XSDB Script----------------
connect -url tcp:127.0.0.1:3121
source C:/Git/hdmi-out/hdmi-out.sdk/hdmi_out_wrapper_hw_platform_0/ps7_init.tcl
targets -set -nocase -filter {name =~"APU*" && jtag_cable_name =~ "Digilent Zybo 210279574143A"} -index 0
loadhw -hw C:/Git/hdmi-out/hdmi-out.sdk/hdmi_out_wrapper_hw_platform_0/system.hdf -mem-ranges [list {0x40000000 0xbfffffff}]
configparams force-mem-access 1
targets -set -nocase -filter {name =~"APU*" && jtag_cable_name =~ "Digilent Zybo 210279574143A"} -index 0
stop
ps7_init
ps7_post_config
targets -set -nocase -filter {name =~ "ARM*#0" && jtag_cable_name =~ "Digilent Zybo 210279574143A"} -index 0
rst -processor
targets -set -nocase -filter {name =~ "ARM*#0" && jtag_cable_name =~ "Digilent Zybo 210279574143A"} -index 0
dow C:/Git/hdmi-out/hdmi-out.sdk/hdmi_out_1/Debug/hdmi_out_1.elf
configparams force-mem-access 0
----------------End of Script----------------

13:46:09 INFO  : Context for processor 'ps7_cortexa9_0' is selected.
13:46:09 INFO  : 'con' command is executed.
13:46:09 INFO  : ----------------XSDB Script (After Launch)----------------
targets -set -nocase -filter {name =~ "ARM*#0" && jtag_cable_name =~ "Digilent Zybo 210279574143A"} -index 0
con
----------------End of Script----------------

13:46:09 INFO  : Disconnected from the channel tcfchan#8.
13:46:26 INFO  : Connected to target on host '127.0.0.1' and port '3121'.
13:46:26 INFO  : 'targets -set -filter {jtag_cable_name =~ "Digilent Zybo 210279574143A" && level==0} -index 1' command is executed.
13:46:27 INFO  : FPGA configured successfully with bitstream "C:/Git/hdmi-out/hdmi-out.sdk/hdmi_out_wrapper_hw_platform_0/hdmi_out_wrapper.bit"
13:46:37 INFO  : 'targets -set -filter {jtag_cable_name =~ "Digilent Zybo 210279574143A" && level==0} -index 1' command is executed.
13:46:37 INFO  : 'fpga -state' command is executed.
13:46:37 INFO  : Connected to target on host '127.0.0.1' and port '3121'.
13:46:37 INFO  : Jtag cable 'Digilent Zybo 210279574143A' is selected.
13:46:37 INFO  : 'jtag frequency' command is executed.
13:46:37 INFO  : Sourcing of 'C:/Git/hdmi-out/hdmi-out.sdk/hdmi_out_wrapper_hw_platform_0/ps7_init.tcl' is done.
13:46:37 INFO  : Context for 'APU' is selected.
13:46:37 INFO  : Hardware design information is loaded from 'C:/Git/hdmi-out/hdmi-out.sdk/hdmi_out_wrapper_hw_platform_0/system.hdf'.
13:46:37 INFO  : 'configparams force-mem-access 1' command is executed.
13:46:37 INFO  : Context for 'APU' is selected.
13:46:38 INFO  : 'stop' command is executed.
13:46:38 INFO  : 'ps7_init' command is executed.
13:46:38 INFO  : 'ps7_post_config' command is executed.
13:46:38 INFO  : Context for processor 'ps7_cortexa9_0' is selected.
13:46:38 INFO  : Processor reset is completed for 'ps7_cortexa9_0'.
13:46:38 INFO  : Context for processor 'ps7_cortexa9_0' is selected.
13:46:38 INFO  : The application 'C:/Git/hdmi-out/hdmi-out.sdk/hdmi_out_1/Debug/hdmi_out_1.elf' is downloaded to processor 'ps7_cortexa9_0'.
13:46:38 INFO  : 'configparams force-mem-access 0' command is executed.
13:46:38 INFO  : ----------------XSDB Script----------------
connect -url tcp:127.0.0.1:3121
source C:/Git/hdmi-out/hdmi-out.sdk/hdmi_out_wrapper_hw_platform_0/ps7_init.tcl
targets -set -nocase -filter {name =~"APU*" && jtag_cable_name =~ "Digilent Zybo 210279574143A"} -index 0
loadhw -hw C:/Git/hdmi-out/hdmi-out.sdk/hdmi_out_wrapper_hw_platform_0/system.hdf -mem-ranges [list {0x40000000 0xbfffffff}]
configparams force-mem-access 1
targets -set -nocase -filter {name =~"APU*" && jtag_cable_name =~ "Digilent Zybo 210279574143A"} -index 0
stop
ps7_init
ps7_post_config
targets -set -nocase -filter {name =~ "ARM*#0" && jtag_cable_name =~ "Digilent Zybo 210279574143A"} -index 0
rst -processor
targets -set -nocase -filter {name =~ "ARM*#0" && jtag_cable_name =~ "Digilent Zybo 210279574143A"} -index 0
dow C:/Git/hdmi-out/hdmi-out.sdk/hdmi_out_1/Debug/hdmi_out_1.elf
configparams force-mem-access 0
----------------End of Script----------------

13:46:38 INFO  : Context for processor 'ps7_cortexa9_0' is selected.
13:46:38 INFO  : 'con' command is executed.
13:46:38 INFO  : ----------------XSDB Script (After Launch)----------------
targets -set -nocase -filter {name =~ "ARM*#0" && jtag_cable_name =~ "Digilent Zybo 210279574143A"} -index 0
con
----------------End of Script----------------

13:46:38 INFO  : Disconnected from the channel tcfchan#9.
13:47:22 INFO  : Connected to target on host '127.0.0.1' and port '3121'.
13:47:23 INFO  : 'targets -set -filter {jtag_cable_name =~ "Digilent Zybo 210279574143A" && level==0} -index 1' command is executed.
13:47:24 INFO  : FPGA configured successfully with bitstream "C:/Git/hdmi-out/hdmi-out.sdk/hdmi_out_wrapper_hw_platform_0/hdmi_out_wrapper.bit"
13:47:33 INFO  : 'targets -set -filter {jtag_cable_name =~ "Digilent Zybo 210279574143A" && level==0} -index 1' command is executed.
13:47:33 INFO  : 'fpga -state' command is executed.
13:47:33 INFO  : Connected to target on host '127.0.0.1' and port '3121'.
13:47:33 INFO  : Jtag cable 'Digilent Zybo 210279574143A' is selected.
13:47:33 INFO  : 'jtag frequency' command is executed.
13:47:33 INFO  : Sourcing of 'C:/Git/hdmi-out/hdmi-out.sdk/hdmi_out_wrapper_hw_platform_0/ps7_init.tcl' is done.
13:47:33 INFO  : Context for 'APU' is selected.
13:47:33 INFO  : Hardware design information is loaded from 'C:/Git/hdmi-out/hdmi-out.sdk/hdmi_out_wrapper_hw_platform_0/system.hdf'.
13:47:33 INFO  : 'configparams force-mem-access 1' command is executed.
13:47:33 INFO  : Context for 'APU' is selected.
13:47:33 INFO  : 'stop' command is executed.
13:47:34 INFO  : 'ps7_init' command is executed.
13:47:34 INFO  : 'ps7_post_config' command is executed.
13:47:34 INFO  : Context for processor 'ps7_cortexa9_0' is selected.
13:47:34 INFO  : Processor reset is completed for 'ps7_cortexa9_0'.
13:47:34 INFO  : Context for processor 'ps7_cortexa9_0' is selected.
13:47:34 INFO  : The application 'C:/Git/hdmi-out/hdmi-out.sdk/hdmi_out_1/Debug/hdmi_out_1.elf' is downloaded to processor 'ps7_cortexa9_0'.
13:47:34 INFO  : 'configparams force-mem-access 0' command is executed.
13:47:34 INFO  : ----------------XSDB Script----------------
connect -url tcp:127.0.0.1:3121
source C:/Git/hdmi-out/hdmi-out.sdk/hdmi_out_wrapper_hw_platform_0/ps7_init.tcl
targets -set -nocase -filter {name =~"APU*" && jtag_cable_name =~ "Digilent Zybo 210279574143A"} -index 0
loadhw -hw C:/Git/hdmi-out/hdmi-out.sdk/hdmi_out_wrapper_hw_platform_0/system.hdf -mem-ranges [list {0x40000000 0xbfffffff}]
configparams force-mem-access 1
targets -set -nocase -filter {name =~"APU*" && jtag_cable_name =~ "Digilent Zybo 210279574143A"} -index 0
stop
ps7_init
ps7_post_config
targets -set -nocase -filter {name =~ "ARM*#0" && jtag_cable_name =~ "Digilent Zybo 210279574143A"} -index 0
rst -processor
targets -set -nocase -filter {name =~ "ARM*#0" && jtag_cable_name =~ "Digilent Zybo 210279574143A"} -index 0
dow C:/Git/hdmi-out/hdmi-out.sdk/hdmi_out_1/Debug/hdmi_out_1.elf
configparams force-mem-access 0
----------------End of Script----------------

13:47:34 INFO  : Context for processor 'ps7_cortexa9_0' is selected.
13:47:34 INFO  : 'con' command is executed.
13:47:34 INFO  : ----------------XSDB Script (After Launch)----------------
targets -set -nocase -filter {name =~ "ARM*#0" && jtag_cable_name =~ "Digilent Zybo 210279574143A"} -index 0
con
----------------End of Script----------------

13:47:34 INFO  : Disconnected from the channel tcfchan#10.
16:34:36 INFO  : Registering command handlers for SDK TCF services
16:34:36 INFO  : Launching XSCT server: xsct.bat -interactive C:\Git\hdmi-out\hdmi-out.sdk\temp_xsdb_launch_script.tcl
16:34:40 INFO  : XSCT server has started successfully.
16:34:40 INFO  : Successfully done setting XSCT server connection channel  
16:34:42 INFO  : Successfully done setting SDK workspace  
16:34:42 INFO  : Processing command line option -hwspec C:/Git/hdmi-out/hdmi-out.sdk/hdmi_out_wrapper.hdf.
16:34:42 INFO  : Checking for hwspec changes in the project hdmi_out_wrapper_hw_platform_0.
17:20:26 INFO  : Connected to target on host '127.0.0.1' and port '3121'.
17:20:26 INFO  : 'targets -set -filter {jtag_cable_name =~ "Digilent Zybo 210279575123A" && level==0} -index 1' command is executed.
17:20:28 INFO  : FPGA configured successfully with bitstream "C:/Git/hdmi-out/hdmi-out.sdk/hdmi_out_wrapper_hw_platform_0/hdmi_out_wrapper.bit"
17:20:53 INFO  : 'targets -set -filter {jtag_cable_name =~ "Digilent Zybo 210279575123A" && level==0} -index 1' command is executed.
17:20:53 INFO  : 'fpga -state' command is executed.
17:20:53 INFO  : Connected to target on host '127.0.0.1' and port '3121'.
17:20:53 INFO  : Jtag cable 'Digilent Zybo 210279575123A' is selected.
17:20:53 INFO  : 'jtag frequency' command is executed.
17:20:53 INFO  : Sourcing of 'C:/Git/hdmi-out/hdmi-out.sdk/hdmi_out_wrapper_hw_platform_0/ps7_init.tcl' is done.
17:20:53 INFO  : Context for 'APU' is selected.
17:20:53 INFO  : Hardware design information is loaded from 'C:/Git/hdmi-out/hdmi-out.sdk/hdmi_out_wrapper_hw_platform_0/system.hdf'.
17:20:53 INFO  : 'configparams force-mem-access 1' command is executed.
17:20:53 INFO  : Context for 'APU' is selected.
17:20:53 INFO  : 'stop' command is executed.
17:20:53 INFO  : 'ps7_init' command is executed.
17:20:53 INFO  : 'ps7_post_config' command is executed.
17:20:53 INFO  : Context for processor 'ps7_cortexa9_0' is selected.
17:20:54 INFO  : Processor reset is completed for 'ps7_cortexa9_0'.
17:20:54 INFO  : Context for processor 'ps7_cortexa9_0' is selected.
17:20:54 INFO  : The application 'C:/Git/hdmi-out/hdmi-out.sdk/hdmi_out_1/Debug/hdmi_out_1.elf' is downloaded to processor 'ps7_cortexa9_0'.
17:20:54 INFO  : 'configparams force-mem-access 0' command is executed.
17:20:54 INFO  : ----------------XSDB Script----------------
connect -url tcp:127.0.0.1:3121
source C:/Git/hdmi-out/hdmi-out.sdk/hdmi_out_wrapper_hw_platform_0/ps7_init.tcl
targets -set -nocase -filter {name =~"APU*" && jtag_cable_name =~ "Digilent Zybo 210279575123A"} -index 0
loadhw -hw C:/Git/hdmi-out/hdmi-out.sdk/hdmi_out_wrapper_hw_platform_0/system.hdf -mem-ranges [list {0x40000000 0xbfffffff}]
configparams force-mem-access 1
targets -set -nocase -filter {name =~"APU*" && jtag_cable_name =~ "Digilent Zybo 210279575123A"} -index 0
stop
ps7_init
ps7_post_config
targets -set -nocase -filter {name =~ "ARM*#0" && jtag_cable_name =~ "Digilent Zybo 210279575123A"} -index 0
rst -processor
targets -set -nocase -filter {name =~ "ARM*#0" && jtag_cable_name =~ "Digilent Zybo 210279575123A"} -index 0
dow C:/Git/hdmi-out/hdmi-out.sdk/hdmi_out_1/Debug/hdmi_out_1.elf
configparams force-mem-access 0
----------------End of Script----------------

17:20:54 INFO  : Context for processor 'ps7_cortexa9_0' is selected.
17:20:54 INFO  : 'con' command is executed.
17:20:54 INFO  : ----------------XSDB Script (After Launch)----------------
targets -set -nocase -filter {name =~ "ARM*#0" && jtag_cable_name =~ "Digilent Zybo 210279575123A"} -index 0
con
----------------End of Script----------------

17:20:54 INFO  : Disconnected from the channel tcfchan#1.
17:34:38 INFO  : Connected to target on host '127.0.0.1' and port '3121'.
17:34:39 INFO  : 'targets -set -filter {jtag_cable_name =~ "Digilent Zybo 210279575123A" && level==0} -index 1' command is executed.
17:34:40 INFO  : FPGA configured successfully with bitstream "C:/Git/hdmi-out/hdmi-out.sdk/hdmi_out_wrapper_hw_platform_0/hdmi_out_wrapper.bit"
17:34:56 INFO  : 'targets -set -filter {jtag_cable_name =~ "Digilent Zybo 210279575123A" && level==0} -index 1' command is executed.
17:34:56 INFO  : 'fpga -state' command is executed.
17:34:56 INFO  : Connected to target on host '127.0.0.1' and port '3121'.
17:34:56 INFO  : Jtag cable 'Digilent Zybo 210279575123A' is selected.
17:34:56 INFO  : 'jtag frequency' command is executed.
17:34:56 INFO  : Sourcing of 'C:/Git/hdmi-out/hdmi-out.sdk/hdmi_out_wrapper_hw_platform_0/ps7_init.tcl' is done.
17:34:56 INFO  : Context for 'APU' is selected.
17:34:56 INFO  : Hardware design information is loaded from 'C:/Git/hdmi-out/hdmi-out.sdk/hdmi_out_wrapper_hw_platform_0/system.hdf'.
17:34:56 INFO  : 'configparams force-mem-access 1' command is executed.
17:34:56 INFO  : Context for 'APU' is selected.
17:34:56 INFO  : 'stop' command is executed.
17:34:56 INFO  : 'ps7_init' command is executed.
17:34:56 INFO  : 'ps7_post_config' command is executed.
17:34:56 INFO  : Context for processor 'ps7_cortexa9_0' is selected.
17:34:56 INFO  : Processor reset is completed for 'ps7_cortexa9_0'.
17:34:56 INFO  : Context for processor 'ps7_cortexa9_0' is selected.
17:34:57 INFO  : The application 'C:/Git/hdmi-out/hdmi-out.sdk/hdmi_out_1/Debug/hdmi_out_1.elf' is downloaded to processor 'ps7_cortexa9_0'.
17:34:57 INFO  : 'configparams force-mem-access 0' command is executed.
17:34:57 INFO  : ----------------XSDB Script----------------
connect -url tcp:127.0.0.1:3121
source C:/Git/hdmi-out/hdmi-out.sdk/hdmi_out_wrapper_hw_platform_0/ps7_init.tcl
targets -set -nocase -filter {name =~"APU*" && jtag_cable_name =~ "Digilent Zybo 210279575123A"} -index 0
loadhw -hw C:/Git/hdmi-out/hdmi-out.sdk/hdmi_out_wrapper_hw_platform_0/system.hdf -mem-ranges [list {0x40000000 0xbfffffff}]
configparams force-mem-access 1
targets -set -nocase -filter {name =~"APU*" && jtag_cable_name =~ "Digilent Zybo 210279575123A"} -index 0
stop
ps7_init
ps7_post_config
targets -set -nocase -filter {name =~ "ARM*#0" && jtag_cable_name =~ "Digilent Zybo 210279575123A"} -index 0
rst -processor
targets -set -nocase -filter {name =~ "ARM*#0" && jtag_cable_name =~ "Digilent Zybo 210279575123A"} -index 0
dow C:/Git/hdmi-out/hdmi-out.sdk/hdmi_out_1/Debug/hdmi_out_1.elf
configparams force-mem-access 0
----------------End of Script----------------

17:34:57 INFO  : Context for processor 'ps7_cortexa9_0' is selected.
17:34:57 INFO  : 'con' command is executed.
17:34:57 INFO  : ----------------XSDB Script (After Launch)----------------
targets -set -nocase -filter {name =~ "ARM*#0" && jtag_cable_name =~ "Digilent Zybo 210279575123A"} -index 0
con
----------------End of Script----------------

17:34:57 INFO  : Disconnected from the channel tcfchan#2.
17:35:59 INFO  : 'targets -set -filter {jtag_cable_name =~ "Digilent Zybo 210279575123A" && level==0} -index 1' command is executed.
17:35:59 INFO  : 'fpga -state' command is executed.
17:35:59 INFO  : Connected to target on host '127.0.0.1' and port '3121'.
17:36:00 INFO  : Jtag cable 'Digilent Zybo 210279575123A' is selected.
17:36:00 INFO  : 'jtag frequency' command is executed.
17:36:00 INFO  : Sourcing of 'C:/Git/hdmi-out/hdmi-out.sdk/hdmi_out_wrapper_hw_platform_0/ps7_init.tcl' is done.
17:36:00 INFO  : Context for 'APU' is selected.
17:36:00 INFO  : Hardware design information is loaded from 'C:/Git/hdmi-out/hdmi-out.sdk/hdmi_out_wrapper_hw_platform_0/system.hdf'.
17:36:00 INFO  : 'configparams force-mem-access 1' command is executed.
17:36:00 INFO  : Context for 'APU' is selected.
17:36:00 INFO  : 'stop' command is executed.
17:36:01 INFO  : 'ps7_init' command is executed.
17:36:01 INFO  : 'ps7_post_config' command is executed.
17:36:01 INFO  : Context for processor 'ps7_cortexa9_0' is selected.
17:36:01 INFO  : Processor reset is completed for 'ps7_cortexa9_0'.
17:36:01 INFO  : Context for processor 'ps7_cortexa9_0' is selected.
17:36:01 INFO  : The application 'C:/Git/hdmi-out/hdmi-out.sdk/hdmi_out_1/Debug/hdmi_out_1.elf' is downloaded to processor 'ps7_cortexa9_0'.
17:36:01 INFO  : 'configparams force-mem-access 0' command is executed.
17:36:01 INFO  : ----------------XSDB Script----------------
connect -url tcp:127.0.0.1:3121
source C:/Git/hdmi-out/hdmi-out.sdk/hdmi_out_wrapper_hw_platform_0/ps7_init.tcl
targets -set -nocase -filter {name =~"APU*" && jtag_cable_name =~ "Digilent Zybo 210279575123A"} -index 0
loadhw -hw C:/Git/hdmi-out/hdmi-out.sdk/hdmi_out_wrapper_hw_platform_0/system.hdf -mem-ranges [list {0x40000000 0xbfffffff}]
configparams force-mem-access 1
targets -set -nocase -filter {name =~"APU*" && jtag_cable_name =~ "Digilent Zybo 210279575123A"} -index 0
stop
ps7_init
ps7_post_config
targets -set -nocase -filter {name =~ "ARM*#0" && jtag_cable_name =~ "Digilent Zybo 210279575123A"} -index 0
rst -processor
targets -set -nocase -filter {name =~ "ARM*#0" && jtag_cable_name =~ "Digilent Zybo 210279575123A"} -index 0
dow C:/Git/hdmi-out/hdmi-out.sdk/hdmi_out_1/Debug/hdmi_out_1.elf
configparams force-mem-access 0
----------------End of Script----------------

17:36:01 INFO  : Context for processor 'ps7_cortexa9_0' is selected.
17:36:01 INFO  : 'con' command is executed.
17:36:01 INFO  : ----------------XSDB Script (After Launch)----------------
targets -set -nocase -filter {name =~ "ARM*#0" && jtag_cable_name =~ "Digilent Zybo 210279575123A"} -index 0
con
----------------End of Script----------------

17:36:01 INFO  : Disconnected from the channel tcfchan#3.
17:36:19 INFO  : Connected to target on host '127.0.0.1' and port '3121'.
17:36:19 INFO  : 'targets -set -filter {jtag_cable_name =~ "Digilent Zybo 210279575123A" && level==0} -index 1' command is executed.
17:36:21 INFO  : FPGA configured successfully with bitstream "C:/Git/hdmi-out/hdmi-out.sdk/hdmi_out_wrapper_hw_platform_0/hdmi_out_wrapper.bit"
17:36:31 INFO  : 'targets -set -filter {jtag_cable_name =~ "Digilent Zybo 210279575123A" && level==0} -index 1' command is executed.
17:36:31 INFO  : 'fpga -state' command is executed.
17:36:31 INFO  : Connected to target on host '127.0.0.1' and port '3121'.
17:36:31 INFO  : Jtag cable 'Digilent Zybo 210279575123A' is selected.
17:36:31 INFO  : 'jtag frequency' command is executed.
17:36:31 INFO  : Sourcing of 'C:/Git/hdmi-out/hdmi-out.sdk/hdmi_out_wrapper_hw_platform_0/ps7_init.tcl' is done.
17:36:31 INFO  : Context for 'APU' is selected.
17:36:32 INFO  : Hardware design information is loaded from 'C:/Git/hdmi-out/hdmi-out.sdk/hdmi_out_wrapper_hw_platform_0/system.hdf'.
17:36:32 INFO  : 'configparams force-mem-access 1' command is executed.
17:36:32 INFO  : Context for 'APU' is selected.
17:36:32 INFO  : 'stop' command is executed.
17:36:32 INFO  : 'ps7_init' command is executed.
17:36:32 INFO  : 'ps7_post_config' command is executed.
17:36:32 INFO  : Context for processor 'ps7_cortexa9_0' is selected.
17:36:32 INFO  : Processor reset is completed for 'ps7_cortexa9_0'.
17:36:32 INFO  : Context for processor 'ps7_cortexa9_0' is selected.
17:36:33 INFO  : The application 'C:/Git/hdmi-out/hdmi-out.sdk/hdmi_out_1/Debug/hdmi_out_1.elf' is downloaded to processor 'ps7_cortexa9_0'.
17:36:33 INFO  : 'configparams force-mem-access 0' command is executed.
17:36:33 INFO  : ----------------XSDB Script----------------
connect -url tcp:127.0.0.1:3121
source C:/Git/hdmi-out/hdmi-out.sdk/hdmi_out_wrapper_hw_platform_0/ps7_init.tcl
targets -set -nocase -filter {name =~"APU*" && jtag_cable_name =~ "Digilent Zybo 210279575123A"} -index 0
loadhw -hw C:/Git/hdmi-out/hdmi-out.sdk/hdmi_out_wrapper_hw_platform_0/system.hdf -mem-ranges [list {0x40000000 0xbfffffff}]
configparams force-mem-access 1
targets -set -nocase -filter {name =~"APU*" && jtag_cable_name =~ "Digilent Zybo 210279575123A"} -index 0
stop
ps7_init
ps7_post_config
targets -set -nocase -filter {name =~ "ARM*#0" && jtag_cable_name =~ "Digilent Zybo 210279575123A"} -index 0
rst -processor
targets -set -nocase -filter {name =~ "ARM*#0" && jtag_cable_name =~ "Digilent Zybo 210279575123A"} -index 0
dow C:/Git/hdmi-out/hdmi-out.sdk/hdmi_out_1/Debug/hdmi_out_1.elf
configparams force-mem-access 0
----------------End of Script----------------

17:36:33 INFO  : Context for processor 'ps7_cortexa9_0' is selected.
17:36:33 INFO  : 'con' command is executed.
17:36:33 INFO  : ----------------XSDB Script (After Launch)----------------
targets -set -nocase -filter {name =~ "ARM*#0" && jtag_cable_name =~ "Digilent Zybo 210279575123A"} -index 0
con
----------------End of Script----------------

17:36:33 INFO  : Disconnected from the channel tcfchan#4.
17:36:52 INFO  : Registering command handlers for SDK TCF services
17:36:52 INFO  : Launching XSCT server: xsct.bat -interactive C:\Git\hdmi-out\hdmi-out.sdk\temp_xsdb_launch_script.tcl
17:36:54 INFO  : XSCT server has started successfully.
17:36:54 INFO  : Successfully done setting XSCT server connection channel  
17:36:54 INFO  : Processing command line option -hwspec C:/Git/hdmi-out/hdmi-out.sdk/hdmi_out_wrapper.hdf.
17:36:54 INFO  : Successfully done setting SDK workspace  
17:36:55 INFO  : Checking for hwspec changes in the project hdmi_out_wrapper_hw_platform_0.
17:37:13 INFO  : Connected to target on host '127.0.0.1' and port '3121'.
17:37:13 INFO  : 'targets -set -filter {jtag_cable_name =~ "Digilent Zybo 210279575123A" && level==0} -index 1' command is executed.
17:37:14 INFO  : FPGA configured successfully with bitstream "C:/Git/hdmi-out/hdmi-out.sdk/hdmi_out_wrapper_hw_platform_0/hdmi_out_wrapper.bit"
17:37:26 INFO  : 'targets -set -filter {jtag_cable_name =~ "Digilent Zybo 210279575123A" && level==0} -index 1' command is executed.
17:37:26 INFO  : 'fpga -state' command is executed.
17:37:26 INFO  : Connected to target on host '127.0.0.1' and port '3121'.
17:37:27 INFO  : Jtag cable 'Digilent Zybo 210279575123A' is selected.
17:37:27 INFO  : 'jtag frequency' command is executed.
17:37:27 INFO  : Sourcing of 'C:/Git/hdmi-out/hdmi-out.sdk/hdmi_out_wrapper_hw_platform_0/ps7_init.tcl' is done.
17:37:27 INFO  : Context for 'APU' is selected.
17:37:27 INFO  : Hardware design information is loaded from 'C:/Git/hdmi-out/hdmi-out.sdk/hdmi_out_wrapper_hw_platform_0/system.hdf'.
17:37:27 INFO  : 'configparams force-mem-access 1' command is executed.
17:37:27 INFO  : Context for 'APU' is selected.
17:37:27 INFO  : 'stop' command is executed.
17:37:27 INFO  : 'ps7_init' command is executed.
17:37:27 INFO  : 'ps7_post_config' command is executed.
17:37:27 INFO  : Context for processor 'ps7_cortexa9_0' is selected.
17:37:27 INFO  : Processor reset is completed for 'ps7_cortexa9_0'.
17:37:27 INFO  : Context for processor 'ps7_cortexa9_0' is selected.
17:37:27 INFO  : The application 'C:/Git/hdmi-out/hdmi-out.sdk/hdmi_out_1/Debug/hdmi_out_1.elf' is downloaded to processor 'ps7_cortexa9_0'.
17:37:28 INFO  : 'configparams force-mem-access 0' command is executed.
17:37:28 INFO  : ----------------XSDB Script----------------
connect -url tcp:127.0.0.1:3121
source C:/Git/hdmi-out/hdmi-out.sdk/hdmi_out_wrapper_hw_platform_0/ps7_init.tcl
targets -set -nocase -filter {name =~"APU*" && jtag_cable_name =~ "Digilent Zybo 210279575123A"} -index 0
loadhw -hw C:/Git/hdmi-out/hdmi-out.sdk/hdmi_out_wrapper_hw_platform_0/system.hdf -mem-ranges [list {0x40000000 0xbfffffff}]
configparams force-mem-access 1
targets -set -nocase -filter {name =~"APU*" && jtag_cable_name =~ "Digilent Zybo 210279575123A"} -index 0
stop
ps7_init
ps7_post_config
targets -set -nocase -filter {name =~ "ARM*#0" && jtag_cable_name =~ "Digilent Zybo 210279575123A"} -index 0
rst -processor
targets -set -nocase -filter {name =~ "ARM*#0" && jtag_cable_name =~ "Digilent Zybo 210279575123A"} -index 0
dow C:/Git/hdmi-out/hdmi-out.sdk/hdmi_out_1/Debug/hdmi_out_1.elf
configparams force-mem-access 0
----------------End of Script----------------

17:37:28 INFO  : Context for processor 'ps7_cortexa9_0' is selected.
17:37:28 INFO  : 'con' command is executed.
17:37:28 INFO  : ----------------XSDB Script (After Launch)----------------
targets -set -nocase -filter {name =~ "ARM*#0" && jtag_cable_name =~ "Digilent Zybo 210279575123A"} -index 0
con
----------------End of Script----------------

17:37:28 INFO  : Disconnected from the channel tcfchan#1.
